<?xml version="1.0" encoding="utf-8" standalone="no"?>
<test-results xmlns:xsi="http://www.w3.org/2001/XMLSchema-instance" xsi:noNamespaceSchemaLocation="nunit_schema_2.5.xsd" name="Pester" total="46" errors="0" failures="0" not-run="0" inconclusive="0" ignored="0" skipped="0" invalid="0" date="2025-11-23" time="05:45:38">
  <environment platform="Linux" user="runner" os-version="6.11.0-1018-azure" clr-version="8.0.21" cwd="/home/runner/work/Aether-V/Aether-V" user-domain="" machine-name="runnervmg1sw1" nunit-version="2.5.8.0" />
  <culture-info current-culture="" current-uiculture="" />
  <test-suite type="TestFixture" name="Pester" executed="True" result="Success" success="True" time="42.3616" asserts="0" description="Pester">
    <results>
      <test-suite type="TestFixture" name="/home/runner/work/Aether-V/Aether-V/Powershell/tests/Main-NewProtocol-Integration.Tests.ps1" executed="True" result="Success" success="True" time="23.4189" asserts="0" description="/home/runner/work/Aether-V/Aether-V/Powershell/tests/Main-NewProtocol-Integration.Tests.ps1">
        <results>
          <test-suite type="TestFixture" name="Main-NewProtocol.ps1 - Update Operations Protocol Compliance" executed="True" result="Success" success="True" time="2.6432" asserts="0" description="Main-NewProtocol.ps1 - Update Operations Protocol Compliance">
            <results>
              <test-case description="vm.update executes stub implementation" name="Main-NewProtocol.ps1 - Update Operations Protocol Compliance.vm.update executes stub implementation" time="0.9919" asserts="0" success="True" result="Success" executed="True" />
              <test-case description="disk.update executes stub implementation" name="Main-NewProtocol.ps1 - Update Operations Protocol Compliance.disk.update executes stub implementation" time="0.8224" asserts="0" success="True" result="Success" executed="True" />
              <test-case description="nic.update executes stub implementation" name="Main-NewProtocol.ps1 - Update Operations Protocol Compliance.nic.update executes stub implementation" time="0.7939" asserts="0" success="True" result="Success" executed="True" />
            </results>
          </test-suite>
          <test-suite type="TestFixture" name="Main-NewProtocol.ps1 - Operation Errors Without Hyper-V" executed="True" result="Success" success="True" time="7.7893" asserts="0" description="Main-NewProtocol.ps1 - Operation Errors Without Hyper-V">
            <results>
              <test-case description="vm.create fails gracefully without Hyper-V" name="Main-NewProtocol.ps1 - Operation Errors Without Hyper-V.vm.create fails gracefully without Hyper-V" time="0.8184" asserts="0" success="True" result="Success" executed="True" />
              <test-case description="vm.delete fails gracefully without Hyper-V" name="Main-NewProtocol.ps1 - Operation Errors Without Hyper-V.vm.delete fails gracefully without Hyper-V" time="0.8582" asserts="0" success="True" result="Success" executed="True" />
              <test-case description="disk.create fails gracefully without Hyper-V" name="Main-NewProtocol.ps1 - Operation Errors Without Hyper-V.disk.create fails gracefully without Hyper-V" time="0.8837" asserts="0" success="True" result="Success" executed="True" />
              <test-case description="disk.delete fails gracefully without Hyper-V" name="Main-NewProtocol.ps1 - Operation Errors Without Hyper-V.disk.delete fails gracefully without Hyper-V" time="0.8527" asserts="0" success="True" result="Success" executed="True" />
              <test-case description="nic.create fails gracefully without Hyper-V" name="Main-NewProtocol.ps1 - Operation Errors Without Hyper-V.nic.create fails gracefully without Hyper-V" time="0.8627" asserts="0" success="True" result="Success" executed="True" />
              <test-case description="nic.delete fails gracefully without Hyper-V" name="Main-NewProtocol.ps1 - Operation Errors Without Hyper-V.nic.delete fails gracefully without Hyper-V" time="0.8667" asserts="0" success="True" result="Success" executed="True" />
            </results>
          </test-suite>
          <test-suite type="TestFixture" name="Main-NewProtocol.ps1 - Protocol Compliance Across Operations" executed="True" result="Success" success="True" time="18.0857" asserts="0" description="Main-NewProtocol.ps1 - Protocol Compliance Across Operations">
            <results>
              <test-case description="all update operations preserve correlation_id" name="Main-NewProtocol.ps1 - Protocol Compliance Across Operations.all update operations preserve correlation_id" time="2.2634" asserts="0" success="True" result="Success" executed="True" />
              <test-case description="all operations include logs array" name="Main-NewProtocol.ps1 - Protocol Compliance Across Operations.all operations include logs array" time="3.1339" asserts="0" success="True" result="Success" executed="True" />
              <test-case description="error responses include error_type in data" name="Main-NewProtocol.ps1 - Protocol Compliance Across Operations.error responses include error_type in data" time="2.5899" asserts="0" success="True" result="Success" executed="True" />
              <test-case description="success responses include status field in data" name="Main-NewProtocol.ps1 - Protocol Compliance Across Operations.success responses include status field in data" time="2.3069" asserts="0" success="True" result="Success" executed="True" />
            </results>
          </test-suite>
          <test-suite type="TestFixture" name="Main-NewProtocol.ps1 - Resource Spec Field Extraction" executed="True" result="Success" success="True" time="20.5913" asserts="0" description="Main-NewProtocol.ps1 - Resource Spec Field Extraction">
            <results>
              <test-case description="disk.create extracts all resource_spec fields" name="Main-NewProtocol.ps1 - Resource Spec Field Extraction.disk.create extracts all resource_spec fields" time="0.8712" asserts="0" success="True" result="Success" executed="True" />
              <test-case description="nic.create extracts all resource_spec fields" name="Main-NewProtocol.ps1 - Resource Spec Field Extraction.nic.create extracts all resource_spec fields" time="0.8581" asserts="0" success="True" result="Success" executed="True" />
              <test-case description="vm.create extracts all resource_spec fields" name="Main-NewProtocol.ps1 - Resource Spec Field Extraction.vm.create extracts all resource_spec fields" time="0.7707" asserts="0" success="True" result="Success" executed="True" />
            </results>
          </test-suite>
          <test-suite type="TestFixture" name="Main-NewProtocol.ps1 - Complex Data Types" executed="True" result="Success" success="True" time="23.0749" asserts="0" description="Main-NewProtocol.ps1 - Complex Data Types">
            <results>
              <test-case description="handles boolean fields correctly" name="Main-NewProtocol.ps1 - Complex Data Types.handles boolean fields correctly" time="0.7708" asserts="0" success="True" result="Success" executed="True" />
              <test-case description="handles integer fields correctly" name="Main-NewProtocol.ps1 - Complex Data Types.handles integer fields correctly" time="0.847" asserts="0" success="True" result="Success" executed="True" />
              <test-case description="handles optional fields (null/missing)" name="Main-NewProtocol.ps1 - Complex Data Types.handles optional fields (null/missing)" time="0.8627" asserts="0" success="True" result="Success" executed="True" />
            </results>
          </test-suite>
        </results>
      </test-suite>
      <test-suite type="TestFixture" name="/home/runner/work/Aether-V/Aether-V/Powershell/tests/Main-NewProtocol.Tests.ps1" executed="True" result="Success" success="True" time="18.8924" asserts="0" description="/home/runner/work/Aether-V/Aether-V/Powershell/tests/Main-NewProtocol.Tests.ps1">
        <results>
          <test-suite type="TestFixture" name="Main-NewProtocol.ps1 - JSON Parsing and Envelope Validation" executed="True" result="Success" success="True" time="5.3876" asserts="0" description="Main-NewProtocol.ps1 - JSON Parsing and Envelope Validation">
            <results>
              <test-case description="parses valid noop-test envelope" name="Main-NewProtocol.ps1 - JSON Parsing and Envelope Validation.parses valid noop-test envelope" time="0.765" asserts="0" success="True" result="Success" executed="True" />
              <test-case description="includes correlation_id in response" name="Main-NewProtocol.ps1 - JSON Parsing and Envelope Validation.includes correlation_id in response" time="0.7628" asserts="0" success="True" result="Success" executed="True" />
              <test-case description="returns error for missing operation field" name="Main-NewProtocol.ps1 - JSON Parsing and Envelope Validation.returns error for missing operation field" time="0.7901" asserts="0" success="True" result="Success" executed="True" />
              <test-case description="returns error for missing resource_spec field" name="Main-NewProtocol.ps1 - JSON Parsing and Envelope Validation.returns error for missing resource_spec field" time="0.7735" asserts="0" success="True" result="Success" executed="True" />
              <test-case description="handles complex nested JSON structures" name="Main-NewProtocol.ps1 - JSON Parsing and Envelope Validation.handles complex nested JSON structures" time="0.7955" asserts="0" success="True" result="Success" executed="True" />
              <test-case description="returns error for invalid JSON" name="Main-NewProtocol.ps1 - JSON Parsing and Envelope Validation.returns error for invalid JSON" time="0.7694" asserts="0" success="True" result="Success" executed="True" />
              <test-case description="handles empty input gracefully" name="Main-NewProtocol.ps1 - JSON Parsing and Envelope Validation.handles empty input gracefully" time="0.7288" asserts="0" success="True" result="Success" executed="True" />
            </results>
          </test-suite>
          <test-suite type="TestFixture" name="Main-NewProtocol.ps1 - Noop Test Operation" executed="True" result="Success" success="True" time="7.7675" asserts="0" description="Main-NewProtocol.ps1 - Noop Test Operation">
            <results>
              <test-case description="executes noop-test successfully" name="Main-NewProtocol.ps1 - Noop Test Operation.executes noop-test successfully" time="0.8152" asserts="0" success="True" result="Success" executed="True" />
              <test-case description="echoes test fields in noop-test" name="Main-NewProtocol.ps1 - Noop Test Operation.echoes test fields in noop-test" time="0.7892" asserts="0" success="True" result="Success" executed="True" />
              <test-case description="includes logs in noop-test result" name="Main-NewProtocol.ps1 - Noop Test Operation.includes logs in noop-test result" time="0.7733" asserts="0" success="True" result="Success" executed="True" />
            </results>
          </test-suite>
          <test-suite type="TestFixture" name="Main-NewProtocol.ps1 - JobResult Envelope Structure" executed="True" result="Success" success="True" time="10.0862" asserts="0" description="Main-NewProtocol.ps1 - JobResult Envelope Structure">
            <results>
              <test-case description="returns all required JobResult fields for success" name="Main-NewProtocol.ps1 - JobResult Envelope Structure.returns all required JobResult fields for success" time="0.7792" asserts="0" success="True" result="Success" executed="True" />
              <test-case description="returns all required JobResult fields for error" name="Main-NewProtocol.ps1 - JobResult Envelope Structure.returns all required JobResult fields for error" time="0.7771" asserts="0" success="True" result="Success" executed="True" />
              <test-case description="status is valid enum value" name="Main-NewProtocol.ps1 - JobResult Envelope Structure.status is valid enum value" time="0.7602" asserts="0" success="True" result="Success" executed="True" />
            </results>
          </test-suite>
          <test-suite type="TestFixture" name="Main-NewProtocol.ps1 - Operation Types" executed="True" result="Success" success="True" time="13.4527" asserts="0" description="Main-NewProtocol.ps1 - Operation Types">
            <results>
              <test-case description="recognizes vm.create operation" name="Main-NewProtocol.ps1 - Operation Types.recognizes vm.create operation" time="0.8468" asserts="0" success="True" result="Success" executed="True" />
              <test-case description="recognizes disk.create operation" name="Main-NewProtocol.ps1 - Operation Types.recognizes disk.create operation" time="0.8669" asserts="0" success="True" result="Success" executed="True" />
              <test-case description="recognizes nic.create operation" name="Main-NewProtocol.ps1 - Operation Types.recognizes nic.create operation" time="0.8792" asserts="0" success="True" result="Success" executed="True" />
              <test-case description="rejects unsupported operation" name="Main-NewProtocol.ps1 - Operation Types.rejects unsupported operation" time="0.7713" asserts="0" success="True" result="Success" executed="True" />
            </results>
          </test-suite>
          <test-suite type="TestFixture" name="Main-NewProtocol.ps1 - ConvertTo-Hashtable Function" executed="True" result="Success" success="True" time="16.5289" asserts="0" description="Main-NewProtocol.ps1 - ConvertTo-Hashtable Function">
            <results>
              <test-case description="converts PSCustomObject to hashtable through round-trip" name="Main-NewProtocol.ps1 - ConvertTo-Hashtable Function.converts PSCustomObject to hashtable through round-trip" time="0.762" asserts="0" success="True" result="Success" executed="True" />
              <test-case description="handles nested objects through round-trip" name="Main-NewProtocol.ps1 - ConvertTo-Hashtable Function.handles nested objects through round-trip" time="0.7643" asserts="0" success="True" result="Success" executed="True" />
              <test-case description="handles arrays through round-trip" name="Main-NewProtocol.ps1 - ConvertTo-Hashtable Function.handles arrays through round-trip" time="0.7726" asserts="0" success="True" result="Success" executed="True" />
              <test-case description="handles arrays of objects through round-trip" name="Main-NewProtocol.ps1 - ConvertTo-Hashtable Function.handles arrays of objects through round-trip" time="0.7751" asserts="0" success="True" result="Success" executed="True" />
            </results>
          </test-suite>
          <test-suite type="TestFixture" name="Main-NewProtocol.ps1 - Error Handling" executed="True" result="Success" success="True" time="18.8467" asserts="0" description="Main-NewProtocol.ps1 - Error Handling">
            <results>
              <test-case description="includes stack trace in error logs" name="Main-NewProtocol.ps1 - Error Handling.includes stack trace in error logs" time="0.7775" asserts="0" success="True" result="Success" executed="True" />
              <test-case description="preserves correlation_id in error response" name="Main-NewProtocol.ps1 - Error Handling.preserves correlation_id in error response" time="0.783" asserts="0" success="True" result="Success" executed="True" />
              <test-case description="includes error_type in error data" name="Main-NewProtocol.ps1 - Error Handling.includes error_type in error data" time="0.7552" asserts="0" success="True" result="Success" executed="True" />
            </results>
          </test-suite>
          <test-suite type="TestFixture" name="Main-NewProtocol.ps1 - Windows PowerShell 5.1 Compatibility" executed="True" result="Success" success="True" time="18.8609" asserts="0" description="Main-NewProtocol.ps1 - Windows PowerShell 5.1 Compatibility">
            <results>
              <test-case description="does not use -AsHashtable parameter" name="Main-NewProtocol.ps1 - Windows PowerShell 5.1 Compatibility.does not use -AsHashtable parameter" time="0.0064" asserts="0" success="True" result="Success" executed="True" />
              <test-case description="uses ConvertTo-Hashtable instead" name="Main-NewProtocol.ps1 - Windows PowerShell 5.1 Compatibility.uses ConvertTo-Hashtable instead" time="0.0059" asserts="0" success="True" result="Success" executed="True" />
            </results>
          </test-suite>
        </results>
      </test-suite>
      <test-suite type="TestFixture" name="/home/runner/work/Aether-V/Aether-V/Powershell/tests/ScriptValidation.Tests.ps1" executed="True" result="Success" success="True" time="0.0503" asserts="0" description="/home/runner/work/Aether-V/Aether-V/Powershell/tests/ScriptValidation.Tests.ps1">
        <results>
          <test-suite type="TestFixture" name="PowerShell script validation" executed="True" result="Success" success="True" time="0.0094" asserts="0" description="PowerShell script validation">
            <results>
              <test-case description="finds scripts to validate" name="PowerShell script validation.finds scripts to validate" time="0.006" asserts="0" success="True" result="Success" executed="True" />
            </results>
          </test-suite>
        </results>
      </test-suite>
    </results>
  </test-suite>
</test-results>